\BOOKMARK [1][-]{section.1}{Introduction}{}% 1
\BOOKMARK [2][-]{subsection.1.1}{Bipedal robots}{section.1}% 2
\BOOKMARK [2][-]{subsection.1.2}{Bipedal motion}{section.1}% 3
\BOOKMARK [3][-]{subsubsection.1.2.1}{Walking}{subsection.1.2}% 4
\BOOKMARK [3][-]{subsubsection.1.2.2}{Running}{subsection.1.2}% 5
\BOOKMARK [2][-]{subsection.1.3}{Center of mass}{section.1}% 6
\BOOKMARK [3][-]{subsubsection.1.3.1}{Calculation of CG/COM}{subsection.1.3}% 7
\BOOKMARK [1][-]{section.2}{Mechanical Design and Construction}{}% 8
\BOOKMARK [2][-]{subsection.2.1}{Structure of the robot}{section.2}% 9
\BOOKMARK [3][-]{subsubsection.2.1.1}{Phase 1 - Existing Design}{subsection.2.1}% 10
\BOOKMARK [3][-]{subsubsection.2.1.2}{Phase 2 - New design}{subsection.2.1}% 11
\BOOKMARK [3][-]{subsubsection.2.1.3}{Phase 3 \205 Modifications in New Design}{subsection.2.1}% 12
\BOOKMARK [2][-]{subsection.2.2}{Construction of Robot}{section.2}% 13
\BOOKMARK [3][-]{subsubsection.2.2.1}{Problem faced in finding appropriate component}{subsection.2.2}% 14
\BOOKMARK [3][-]{subsubsection.2.2.2}{Assembly}{subsection.2.2}% 15
\BOOKMARK [1][-]{section.3}{Motion of the Robot}{}% 16
\BOOKMARK [2][-]{subsection.3.1}{Motion of the Phase 2 structure}{section.3}% 17
\BOOKMARK [2][-]{subsection.3.2}{Motion of the Phase 3 structure}{section.3}% 18
\BOOKMARK [1][-]{section.4}{Electronic Design}{}% 19
\BOOKMARK [2][-]{subsection.4.1}{Connections}{section.4}% 20
\BOOKMARK [2][-]{subsection.4.2}{PWM generation}{section.4}% 21
\BOOKMARK [2][-]{subsection.4.3}{Power System}{section.4}% 22
\BOOKMARK [1][-]{section.5}{Problems faced with servo motors}{}% 23
\BOOKMARK [1][-]{section.6}{Future Work}{}% 24
